[debug] [2024-10-07T03:51:53.921Z] ----------------------------------------------------------------------
[debug] [2024-10-07T03:51:53.926Z] Command:       C:\Program Files\nodejs\node.exe C:\Program Files\nodejs\node_modules\firebase-tools\lib\bin\firebase.js init
[debug] [2024-10-07T03:51:53.926Z] CLI Version:   13.20.2
[debug] [2024-10-07T03:51:53.927Z] Platform:      win32
[debug] [2024-10-07T03:51:53.927Z] Node Version:  v18.13.0
[debug] [2024-10-07T03:51:53.928Z] Time:          Mon Oct 07 2024 11:51:53 GMT+0800 (Philippine Standard Time)
[debug] [2024-10-07T03:51:53.929Z] ----------------------------------------------------------------------
[debug] 
[debug] [2024-10-07T03:51:53.943Z] > command requires scopes: ["email","openid","https://www.googleapis.com/auth/cloudplatformprojects.readonly","https://www.googleapis.com/auth/firebase","https://www.googleapis.com/auth/cloud-platform"]
[debug] [2024-10-07T03:51:53.944Z] > authorizing via signed-in user (jancarloonce11@gmail.com)
[info] 
     ######## #### ########  ######## ########     ###     ######  ########
     ##        ##  ##     ## ##       ##     ##  ##   ##  ##       ##
     ######    ##  ########  ######   ########  #########  ######  ######
     ##        ##  ##    ##  ##       ##     ## ##     ##       ## ##
     ##       #### ##     ## ######## ########  ##     ##  ######  ########

You're about to initialize a Firebase project in this directory:

  D:\codebase\gecko-co-frontend

[info] 
=== Project Setup
[info] 
[info] First, let's associate this project directory with a Firebase project.
[info] You can create multiple project aliases by running firebase use --add, 
[info] but for now we'll just set up a default project.
[info] 
[debug] [2024-10-07T03:53:47.244Z] Checked if tokens are valid: true, expires at: 1728276583514
[debug] [2024-10-07T03:53:47.244Z] Checked if tokens are valid: true, expires at: 1728276583514
[debug] [2024-10-07T03:53:47.247Z] >>> [apiv2][query] GET https://firebase.googleapis.com/v1beta1/projects pageSize=100
[debug] [2024-10-07T03:53:48.301Z] <<< [apiv2][status] GET https://firebase.googleapis.com/v1beta1/projects 200
[debug] [2024-10-07T03:53:48.301Z] <<< [apiv2][body] GET https://firebase.googleapis.com/v1beta1/projects [omitted]
[info] i  Using project gecko-co (gecko-co) 
[info] 
=== Firestore Setup
[debug] [2024-10-07T03:53:53.239Z] Checked if tokens are valid: true, expires at: 1728276583514
[debug] [2024-10-07T03:53:53.239Z] Checked if tokens are valid: true, expires at: 1728276583514
[debug] [2024-10-07T03:53:53.240Z] >>> [apiv2][query] GET https://serviceusage.googleapis.com/v1/projects/gecko-co/services/firestore.googleapis.com [none]
[debug] [2024-10-07T03:53:53.240Z] >>> [apiv2][(partial)header] GET https://serviceusage.googleapis.com/v1/projects/gecko-co/services/firestore.googleapis.com x-goog-quota-user=projects/gecko-co
[debug] [2024-10-07T03:53:54.583Z] <<< [apiv2][status] GET https://serviceusage.googleapis.com/v1/projects/gecko-co/services/firestore.googleapis.com 200
[debug] [2024-10-07T03:53:54.583Z] <<< [apiv2][body] GET https://serviceusage.googleapis.com/v1/projects/gecko-co/services/firestore.googleapis.com [omitted]
[debug] [2024-10-07T03:53:54.584Z] Checked if tokens are valid: true, expires at: 1728276583514
[debug] [2024-10-07T03:53:54.584Z] Checked if tokens are valid: true, expires at: 1728276583514
[debug] [2024-10-07T03:53:54.584Z] >>> [apiv2][query] GET https://firestore.googleapis.com/v1/projects/gecko-co/databases/(default) [none]
[debug] [2024-10-07T03:53:55.156Z] <<< [apiv2][status] GET https://firestore.googleapis.com/v1/projects/gecko-co/databases/(default) 404
[debug] [2024-10-07T03:53:55.157Z] <<< [apiv2][body] GET https://firestore.googleapis.com/v1/projects/gecko-co/databases/(default) {"error":{"code":404,"message":"Project 'gecko-co' or database '(default)' does not exist.","status":"NOT_FOUND"}}
[debug] [2024-10-07T03:53:55.157Z] error getting database type:  HTTP Error: 404, Project 'gecko-co' or database '(default)' does not exist. {"name":"FirebaseError","children":[],"context":{"body":{"error":{"code":404,"message":"Project 'gecko-co' or database '(default)' does not exist.","status":"NOT_FOUND"}},"response":{"statusCode":404}},"exit":1,"message":"HTTP Error: 404, Project 'gecko-co' or database '(default)' does not exist.","status":404}
[info] (default) does not exist in project gecko-co.
[debug] [2024-10-07T03:53:55.158Z] database_type: DATABASE_DOES_NOT_EXIST
[debug] [2024-10-07T03:54:57.447Z] Checked if tokens are valid: true, expires at: 1728276583514
[debug] [2024-10-07T03:54:57.447Z] Checked if tokens are valid: true, expires at: 1728276583514
[debug] [2024-10-07T03:54:57.448Z] >>> [apiv2][query] GET https://firestore.googleapis.com/v1/projects/gecko-co/databases/gecko-inventory [none]
[debug] [2024-10-07T03:54:57.857Z] <<< [apiv2][status] GET https://firestore.googleapis.com/v1/projects/gecko-co/databases/gecko-inventory 404
[debug] [2024-10-07T03:54:57.857Z] <<< [apiv2][body] GET https://firestore.googleapis.com/v1/projects/gecko-co/databases/gecko-inventory {"error":{"code":404,"message":"Project 'gecko-co' or database 'gecko-inventory' does not exist.","status":"NOT_FOUND"}}
[debug] [2024-10-07T03:54:57.857Z] error getting database type:  HTTP Error: 404, Project 'gecko-co' or database 'gecko-inventory' does not exist. {"name":"FirebaseError","children":[],"context":{"body":{"error":{"code":404,"message":"Project 'gecko-co' or database 'gecko-inventory' does not exist.","status":"NOT_FOUND"}},"response":{"statusCode":404}},"exit":1,"message":"HTTP Error: 404, Project 'gecko-co' or database 'gecko-inventory' does not exist.","status":404}
[info] gecko-inventory does not exist in project gecko-co.
[debug] [2024-10-07T03:54:57.858Z] database_type: DATABASE_DOES_NOT_EXIST
